2015-11-10 15:26:56 10fc InnoDB: Warning: Using innodb_additional_mem_pool_size is DEPRECATED. This option may be removed in future releases, together with the option innodb_use_sys_malloc and with the InnoDB's internal memory allocator.
2015-11-10 15:26:56 4348 [Note] InnoDB: Using mutexes to ref count buffer pool pages
2015-11-10 15:26:56 4348 [Note] InnoDB: The InnoDB memory heap is disabled
2015-11-10 15:26:56 4348 [Note] InnoDB: Mutexes and rw_locks use Windows interlocked functions
2015-11-10 15:26:56 4348 [Note] InnoDB: Memory barrier is not used
2015-11-10 15:26:56 4348 [Note] InnoDB: Compressed tables use zlib 1.2.3
2015-11-10 15:26:56 4348 [Note] InnoDB: Not using CPU crc32 instructions
2015-11-10 15:26:56 4348 [Note] InnoDB: Initializing buffer pool, size = 16.0M
2015-11-10 15:26:56 4348 [Note] InnoDB: Completed initialization of buffer pool
2015-11-10 15:26:56 4348 [Note] InnoDB: Highest supported file format is Barracuda.
2015-11-10 15:26:57 4348 [Note] InnoDB: 128 rollback segment(s) are active.
2015-11-10 15:26:57 4348 [Note] InnoDB: Waiting for purge to start
2015-11-10 15:26:57 4348 [Note] InnoDB:  Percona XtraDB (http://www.percona.com) 5.6.26-74.0 started; log sequence number 1835027
2015-11-10 15:26:57 6140 [Note] InnoDB: Dumping buffer pool(s) not yet started
2015-11-10 15:26:57 4348 [Note] Plugin 'FEEDBACK' is disabled.
2015-11-10 15:26:57 4348 [Note] Server socket created on IP: '::'.
2015-11-10 15:26:57 4348 [Note] Event Scheduler: Loaded 0 events
2015-11-10 15:26:57 4348 [Note] C:\xampp\mysql\bin\mysqld.exe: ready for connections.
Version: '10.1.8-MariaDB'  socket: ''  port: 3306  mariadb.org binary distribution
2015-11-10 15:27:11 5152 [Note] C:\xampp\mysql\bin\mysqld.exe: Normal shutdown

2015-11-10 15:27:11 5152 [Note] Event Scheduler: Purging the queue. 0 events
2015-11-10 15:27:11 5732 [Note] InnoDB: FTS optimize thread exiting.
2015-11-10 15:27:11 5152 [Note] InnoDB: Starting shutdown...
2015-11-10 15:27:13 5152 [Note] InnoDB: Shutdown completed; log sequence number 1835037
2015-11-10 15:27:13 5152 [Note] C:\xampp\mysql\bin\mysqld.exe: Shutdown complete

2018-05-14 11:47:41 1e64 InnoDB: Warning: Using innodb_additional_mem_pool_size is DEPRECATED. This option may be removed in future releases, together with the option innodb_use_sys_malloc and with the InnoDB's internal memory allocator.
2018-05-14 11:47:41 7780 [Note] InnoDB: innodb_empty_free_list_algorithm has been changed to legacy because of small buffer pool size. In order to use backoff, increase buffer pool at least up to 20MB.

2018-05-14 11:47:41 7780 [Note] InnoDB: Using mutexes to ref count buffer pool pages
2018-05-14 11:47:41 7780 [Note] InnoDB: The InnoDB memory heap is disabled
2018-05-14 11:47:41 7780 [Note] InnoDB: Mutexes and rw_locks use Windows interlocked functions
2018-05-14 11:47:41 7780 [Note] InnoDB: _mm_lfence() and _mm_sfence() are used for memory barrier
2018-05-14 11:47:41 7780 [Note] InnoDB: Compressed tables use zlib 1.2.3
2018-05-14 11:47:41 7780 [Note] InnoDB: Using generic crc32 instructions
2018-05-14 11:47:41 7780 [Note] InnoDB: Initializing buffer pool, size = 16.0M
2018-05-14 11:47:41 7780 [Note] InnoDB: Completed initialization of buffer pool
2018-05-14 11:47:41 7780 [Note] InnoDB: Highest supported file format is Barracuda.
2018-05-14 11:47:42 7780 [Note] InnoDB: 128 rollback segment(s) are active.
2018-05-14 11:47:42 7780 [Note] InnoDB: Waiting for purge to start
2018-05-14 11:47:42 7780 [Note] InnoDB:  Percona XtraDB (http://www.percona.com) 5.6.38-83.0 started; log sequence number 1835037
2018-05-14 11:47:43 1180 [Note] InnoDB: Dumping buffer pool(s) not yet started
2018-05-14 11:47:43 7780 [Note] Plugin 'FEEDBACK' is disabled.
2018-05-14 11:47:43 7780 [Note] Server socket created on IP: '::'.
2018-05-14 11:47:44 7780 [Note] c:\xampp\mysql\bin\mysqld.exe: ready for connections.
Version: '10.1.32-MariaDB'  socket: ''  port: 3306  mariadb.org binary distribution
2018-05-14 12:09:06 12144 [ERROR] Incorrect definition of table mysql.column_stats: expected column 'min_value' at position 3 to have type varbinary(255), found type varchar(255).
2018-05-14 12:09:06 12144 [ERROR] Incorrect definition of table mysql.column_stats: expected column 'max_value' at position 4 to have type varbinary(255), found type varchar(255).
2018-05-15 10:48:32 1e84 InnoDB: Warning: Using innodb_additional_mem_pool_size is DEPRECATED. This option may be removed in future releases, together with the option innodb_use_sys_malloc and with the InnoDB's internal memory allocator.
2018-05-15 10:48:32 7812 [Note] InnoDB: innodb_empty_free_list_algorithm has been changed to legacy because of small buffer pool size. In order to use backoff, increase buffer pool at least up to 20MB.

2018-05-15 10:48:32 7812 [Note] InnoDB: Using mutexes to ref count buffer pool pages
2018-05-15 10:48:32 7812 [Note] InnoDB: The InnoDB memory heap is disabled
2018-05-15 10:48:32 7812 [Note] InnoDB: Mutexes and rw_locks use Windows interlocked functions
2018-05-15 10:48:32 7812 [Note] InnoDB: _mm_lfence() and _mm_sfence() are used for memory barrier
2018-05-15 10:48:32 7812 [Note] InnoDB: Compressed tables use zlib 1.2.3
2018-05-15 10:48:32 7812 [Note] InnoDB: Using generic crc32 instructions
2018-05-15 10:48:32 7812 [Note] InnoDB: Initializing buffer pool, size = 16.0M
2018-05-15 10:48:32 7812 [Note] InnoDB: Completed initialization of buffer pool
2018-05-15 10:48:32 7812 [Note] InnoDB: Highest supported file format is Barracuda.
2018-05-15 10:48:32 7812 [Note] InnoDB: The log sequence number 1835037 in ibdata file do not match the log sequence number 1928772 in the ib_logfiles!
2018-05-15 10:48:33 7812 [Note] InnoDB: Restoring possible half-written data pages from the doublewrite buffer...
2018-05-15 10:48:34 7812 [Note] InnoDB: 128 rollback segment(s) are active.
2018-05-15 10:48:34 7812 [Note] InnoDB: Waiting for purge to start
2018-05-15 10:48:34 7812 [Note] InnoDB:  Percona XtraDB (http://www.percona.com) 5.6.38-83.0 started; log sequence number 1928772
2018-05-15 10:48:35 11448 [Note] InnoDB: Dumping buffer pool(s) not yet started
2018-05-15 10:48:35 7812 [Note] Plugin 'FEEDBACK' is disabled.
2018-05-15 10:48:35 7812 [Note] Server socket created on IP: '::'.
2018-05-15 10:48:36 7812 [Note] c:\xampp\mysql\bin\mysqld.exe: ready for connections.
Version: '10.1.32-MariaDB'  socket: ''  port: 3306  mariadb.org binary distribution
2018-05-15 12:26:58 13020 [ERROR] Incorrect definition of table mysql.column_stats: expected column 'min_value' at position 3 to have type varbinary(255), found type varchar(255).
2018-05-15 12:26:58 13020 [ERROR] Incorrect definition of table mysql.column_stats: expected column 'max_value' at position 4 to have type varbinary(255), found type varchar(255).
2018-05-15 12:27:16 13004 [ERROR] Incorrect definition of table mysql.column_stats: expected column 'min_value' at position 3 to have type varbinary(255), found type varchar(255).
2018-05-15 12:27:16 13004 [ERROR] Incorrect definition of table mysql.column_stats: expected column 'max_value' at position 4 to have type varbinary(255), found type varchar(255).
2018-05-15 12:28:05 13004 [ERROR] Incorrect definition of table mysql.column_stats: expected column 'min_value' at position 3 to have type varbinary(255), found type varchar(255).
2018-05-15 12:28:05 13004 [ERROR] Incorrect definition of table mysql.column_stats: expected column 'max_value' at position 4 to have type varbinary(255), found type varchar(255).
2018-05-15 12:28:19 13004 [ERROR] Incorrect definition of table mysql.column_stats: expected column 'min_value' at position 3 to have type varbinary(255), found type varchar(255).
2018-05-15 12:28:19 13004 [ERROR] Incorrect definition of table mysql.column_stats: expected column 'max_value' at position 4 to have type varbinary(255), found type varchar(255).
2018-05-15 12:28:45 13004 [ERROR] Incorrect definition of table mysql.column_stats: expected column 'min_value' at position 3 to have type varbinary(255), found type varchar(255).
2018-05-15 12:28:45 13004 [ERROR] Incorrect definition of table mysql.column_stats: expected column 'max_value' at position 4 to have type varbinary(255), found type varchar(255).
2018-05-15 12:29:07 13020 [ERROR] Incorrect definition of table mysql.column_stats: expected column 'min_value' at position 3 to have type varbinary(255), found type varchar(255).
2018-05-15 12:29:07 13020 [ERROR] Incorrect definition of table mysql.column_stats: expected column 'max_value' at position 4 to have type varbinary(255), found type varchar(255).
2018-05-16 02:55:28 a60 InnoDB: Warning: Using innodb_additional_mem_pool_size is DEPRECATED. This option may be removed in future releases, together with the option innodb_use_sys_malloc and with the InnoDB's internal memory allocator.
2018-05-16  2:55:28 2656 [Note] InnoDB: innodb_empty_free_list_algorithm has been changed to legacy because of small buffer pool size. In order to use backoff, increase buffer pool at least up to 20MB.

2018-05-16  2:55:28 2656 [Note] InnoDB: Using mutexes to ref count buffer pool pages
2018-05-16  2:55:28 2656 [Note] InnoDB: The InnoDB memory heap is disabled
2018-05-16  2:55:28 2656 [Note] InnoDB: Mutexes and rw_locks use Windows interlocked functions
2018-05-16  2:55:28 2656 [Note] InnoDB: _mm_lfence() and _mm_sfence() are used for memory barrier
2018-05-16  2:55:28 2656 [Note] InnoDB: Compressed tables use zlib 1.2.3
2018-05-16  2:55:28 2656 [Note] InnoDB: Using generic crc32 instructions
2018-05-16  2:55:28 2656 [Note] InnoDB: Initializing buffer pool, size = 16.0M
2018-05-16  2:55:28 2656 [Note] InnoDB: Completed initialization of buffer pool
2018-05-16  2:55:28 2656 [Note] InnoDB: Highest supported file format is Barracuda.
2018-05-16  2:55:28 2656 [Note] InnoDB: The log sequence number 1835037 in ibdata file do not match the log sequence number 4887108 in the ib_logfiles!
2018-05-16  2:55:28 2656 [Note] InnoDB: Restoring possible half-written data pages from the doublewrite buffer...
2018-05-16  2:55:28 2656 [Note] InnoDB: 128 rollback segment(s) are active.
2018-05-16  2:55:28 2656 [Note] InnoDB: Waiting for purge to start
2018-05-16  2:55:28 2656 [Note] InnoDB:  Percona XtraDB (http://www.percona.com) 5.6.38-83.0 started; log sequence number 4887108
2018-05-16  2:55:28 5068 [Note] InnoDB: Dumping buffer pool(s) not yet started
2018-05-16  2:55:28 2656 [Note] Plugin 'FEEDBACK' is disabled.
2018-05-16  2:55:28 2656 [Note] Server socket created on IP: '::'.
2018-05-16  2:55:28 2656 [Note] c:\xampp\mysql\bin\mysqld.exe: ready for connections.
Version: '10.1.32-MariaDB'  socket: ''  port: 3306  mariadb.org binary distribution
2018-05-16 03:09:11 1710 InnoDB: Warning: Using innodb_additional_mem_pool_size is DEPRECATED. This option may be removed in future releases, together with the option innodb_use_sys_malloc and with the InnoDB's internal memory allocator.
2018-05-16  3:09:11 5904 [Note] InnoDB: innodb_empty_free_list_algorithm has been changed to legacy because of small buffer pool size. In order to use backoff, increase buffer pool at least up to 20MB.

2018-05-16  3:09:11 5904 [Note] InnoDB: Using mutexes to ref count buffer pool pages
2018-05-16  3:09:11 5904 [Note] InnoDB: The InnoDB memory heap is disabled
2018-05-16  3:09:11 5904 [Note] InnoDB: Mutexes and rw_locks use Windows interlocked functions
2018-05-16  3:09:11 5904 [Note] InnoDB: _mm_lfence() and _mm_sfence() are used for memory barrier
2018-05-16  3:09:11 5904 [Note] InnoDB: Compressed tables use zlib 1.2.3
2018-05-16  3:09:11 5904 [Note] InnoDB: Using generic crc32 instructions
2018-05-16  3:09:11 5904 [Note] InnoDB: Initializing buffer pool, size = 16.0M
2018-05-16  3:09:11 5904 [Note] InnoDB: Completed initialization of buffer pool
2018-05-16  3:09:11 5904 [Note] InnoDB: Highest supported file format is Barracuda.
2018-05-16  3:09:11 5904 [Note] InnoDB: The log sequence number 1835037 in ibdata file do not match the log sequence number 4887534 in the ib_logfiles!
2018-05-16  3:09:11 5904 [Note] InnoDB: Restoring possible half-written data pages from the doublewrite buffer...
2018-05-16  3:09:11 5904 [Note] InnoDB: 128 rollback segment(s) are active.
2018-05-16  3:09:11 5904 [Note] InnoDB: Waiting for purge to start
2018-05-16  3:09:11 5904 [Note] InnoDB:  Percona XtraDB (http://www.percona.com) 5.6.38-83.0 started; log sequence number 4887534
2018-05-16  3:09:11 5500 [Note] InnoDB: Dumping buffer pool(s) not yet started
2018-05-16  3:09:11 5904 [Note] Plugin 'FEEDBACK' is disabled.
2018-05-16  3:09:11 5904 [Note] Server socket created on IP: '::'.
2018-05-16  3:09:11 5904 [Note] c:\xampp\mysql\bin\mysqld.exe: ready for connections.
Version: '10.1.32-MariaDB'  socket: ''  port: 3306  mariadb.org binary distribution
2018-05-16  3:19:25 7288 [ERROR] Incorrect definition of table mysql.column_stats: expected column 'min_value' at position 3 to have type varbinary(255), found type varchar(255).
2018-05-16  3:19:25 7288 [ERROR] Incorrect definition of table mysql.column_stats: expected column 'max_value' at position 4 to have type varbinary(255), found type varchar(255).
2018-05-16  3:19:49 7288 [ERROR] Incorrect definition of table mysql.column_stats: expected column 'min_value' at position 3 to have type varbinary(255), found type varchar(255).
2018-05-16  3:19:49 7288 [ERROR] Incorrect definition of table mysql.column_stats: expected column 'max_value' at position 4 to have type varbinary(255), found type varchar(255).
2018-05-16  3:20:05 7248 [ERROR] Incorrect definition of table mysql.column_stats: expected column 'min_value' at position 3 to have type varbinary(255), found type varchar(255).
2018-05-16  3:20:05 7248 [ERROR] Incorrect definition of table mysql.column_stats: expected column 'max_value' at position 4 to have type varbinary(255), found type varchar(255).
2018-05-16  3:20:23 7248 [ERROR] Incorrect definition of table mysql.column_stats: expected column 'min_value' at position 3 to have type varbinary(255), found type varchar(255).
2018-05-16  3:20:23 7248 [ERROR] Incorrect definition of table mysql.column_stats: expected column 'max_value' at position 4 to have type varbinary(255), found type varchar(255).
2018-05-16  3:20:41 7248 [ERROR] Incorrect definition of table mysql.column_stats: expected column 'min_value' at position 3 to have type varbinary(255), found type varchar(255).
2018-05-16  3:20:41 7248 [ERROR] Incorrect definition of table mysql.column_stats: expected column 'max_value' at position 4 to have type varbinary(255), found type varchar(255).
